<?xml version="1.0" encoding="UTF-8"?>
<testng-results ignored="0" total="2" passed="2" failed="0" skipped="0">
  <reporter-output>
  </reporter-output>
  <suite started-at="2024-05-27T22:25:40 IST" name="Default suite" finished-at="2024-05-27T22:28:55 IST" duration-ms="194459">
    <groups>
    </groups>
    <test started-at="2024-05-27T22:25:40 IST" name="Default test" finished-at="2024-05-27T22:28:55 IST" duration-ms="194459">
      <class name="AmazonDataScrapping.amazonProduct">
        <test-method is-config="true" signature="launchbrowser()[pri:0, instance:AmazonDataScrapping.amazonProduct@5ab956d7]" started-at="2024-05-27T22:25:40 IST" name="launchbrowser" finished-at="2024-05-27T22:25:46 IST" duration-ms="5369" status="PASS">
          <reporter-output>
          </reporter-output>
        </test-method> <!-- launchbrowser -->
        <test-method signature="landingURL()[pri:1, instance:AmazonDataScrapping.amazonProduct@5ab956d7]" started-at="2024-05-27T22:25:46 IST" name="landingURL" finished-at="2024-05-27T22:25:49 IST" duration-ms="2978" status="PASS">
          <reporter-output>
          </reporter-output>
        </test-method> <!-- landingURL -->
        <test-method signature="searchProduct()[pri:2, instance:AmazonDataScrapping.amazonProduct@5ab956d7]" started-at="2024-05-27T22:25:49 IST" name="searchProduct" finished-at="2024-05-27T22:28:53 IST" duration-ms="184652" status="PASS">
          <reporter-output>
          </reporter-output>
        </test-method> <!-- searchProduct -->
        <test-method is-config="true" signature="Endbrowser()[pri:0, instance:AmazonDataScrapping.amazonProduct@5ab956d7]" started-at="2024-05-27T22:28:53 IST" name="Endbrowser" finished-at="2024-05-27T22:28:55 IST" duration-ms="1348" status="PASS">
          <reporter-output>
          </reporter-output>
        </test-method> <!-- Endbrowser -->
      </class> <!-- AmazonDataScrapping.amazonProduct -->
    </test> <!-- Default test -->
  </suite> <!-- Default suite -->
</testng-results>
